2025-11-29 00:55:25,402 [MainThread  ] [WARNI]  Failed to get the checkov mappings and guidelines from https://api0.prismacloud.io/bridgecrew/api/v2/guidelines. Skips using BC_* IDs will not work.
Traceback (most recent call last):
  File "/home/alexlinux/.local/share/pipx/venvs/checkov/lib/python3.12/site-packages/urllib3/connection.py", line 198, in _new_conn
    sock = connection.create_connection(
           ^^^^^^^^^^^^^^^^^^^^^^^^^^^^^
  File "/home/alexlinux/.local/share/pipx/venvs/checkov/lib/python3.12/site-packages/urllib3/util/connection.py", line 85, in create_connection
    raise err
  File "/home/alexlinux/.local/share/pipx/venvs/checkov/lib/python3.12/site-packages/urllib3/util/connection.py", line 73, in create_connection
    sock.connect(sa)
TimeoutError: timed out

The above exception was the direct cause of the following exception:

Traceback (most recent call last):
  File "/home/alexlinux/.local/share/pipx/venvs/checkov/lib/python3.12/site-packages/urllib3/connectionpool.py", line 787, in urlopen
    response = self._make_request(
               ^^^^^^^^^^^^^^^^^^^
  File "/home/alexlinux/.local/share/pipx/venvs/checkov/lib/python3.12/site-packages/urllib3/connectionpool.py", line 488, in _make_request
    raise new_e
  File "/home/alexlinux/.local/share/pipx/venvs/checkov/lib/python3.12/site-packages/urllib3/connectionpool.py", line 464, in _make_request
    self._validate_conn(conn)
  File "/home/alexlinux/.local/share/pipx/venvs/checkov/lib/python3.12/site-packages/urllib3/connectionpool.py", line 1093, in _validate_conn
    conn.connect()
  File "/home/alexlinux/.local/share/pipx/venvs/checkov/lib/python3.12/site-packages/urllib3/connection.py", line 753, in connect
    self.sock = sock = self._new_conn()
                       ^^^^^^^^^^^^^^^^
  File "/home/alexlinux/.local/share/pipx/venvs/checkov/lib/python3.12/site-packages/urllib3/connection.py", line 207, in _new_conn
    raise ConnectTimeoutError(
urllib3.exceptions.ConnectTimeoutError: (<urllib3.connection.HTTPSConnection object at 0x78aaf459f8c0>, 'Connection to api0.prismacloud.io timed out. (connect timeout=3.1)')

The above exception was the direct cause of the following exception:

Traceback (most recent call last):
  File "/home/alexlinux/.local/share/pipx/venvs/checkov/lib/python3.12/site-packages/checkov/common/bridgecrew/platform_integration.py", line 1273, in get_public_run_config
    request = self.http.request("GET", self.guidelines_api_url, headers=headers)  # type:ignore[no-untyped-call]
              ^^^^^^^^^^^^^^^^^^^^^^^^^^^^^^^^^^^^^^^^^^^^^^^^^^^^^^^^^^^^^^^^^^
  File "/home/alexlinux/.local/share/pipx/venvs/checkov/lib/python3.12/site-packages/urllib3/_request_methods.py", line 135, in request
    return self.request_encode_url(
           ^^^^^^^^^^^^^^^^^^^^^^^^
  File "/home/alexlinux/.local/share/pipx/venvs/checkov/lib/python3.12/site-packages/urllib3/_request_methods.py", line 182, in request_encode_url
    return self.urlopen(method, url, **extra_kw)
           ^^^^^^^^^^^^^^^^^^^^^^^^^^^^^^^^^^^^^
  File "/home/alexlinux/.local/share/pipx/venvs/checkov/lib/python3.12/site-packages/urllib3/poolmanager.py", line 459, in urlopen
    response = conn.urlopen(method, u.request_uri, **kw)
               ^^^^^^^^^^^^^^^^^^^^^^^^^^^^^^^^^^^^^^^^^
  File "/home/alexlinux/.local/share/pipx/venvs/checkov/lib/python3.12/site-packages/urllib3/connectionpool.py", line 871, in urlopen
    return self.urlopen(
           ^^^^^^^^^^^^^
  File "/home/alexlinux/.local/share/pipx/venvs/checkov/lib/python3.12/site-packages/urllib3/connectionpool.py", line 871, in urlopen
    return self.urlopen(
           ^^^^^^^^^^^^^
  File "/home/alexlinux/.local/share/pipx/venvs/checkov/lib/python3.12/site-packages/urllib3/connectionpool.py", line 871, in urlopen
    return self.urlopen(
           ^^^^^^^^^^^^^
  File "/home/alexlinux/.local/share/pipx/venvs/checkov/lib/python3.12/site-packages/urllib3/connectionpool.py", line 841, in urlopen
    retries = retries.increment(
              ^^^^^^^^^^^^^^^^^^
  File "/home/alexlinux/.local/share/pipx/venvs/checkov/lib/python3.12/site-packages/urllib3/util/retry.py", line 519, in increment
    raise MaxRetryError(_pool, url, reason) from reason  # type: ignore[arg-type]
    ^^^^^^^^^^^^^^^^^^^^^^^^^^^^^^^^^^^^^^^^^^^^^^^^^^^
urllib3.exceptions.MaxRetryError: HTTPSConnectionPool(host='api0.prismacloud.io', port=443): Max retries exceeded with url: /bridgecrew/api/v2/guidelines (Caused by ConnectTimeoutError(<urllib3.connection.HTTPSConnection object at 0x78aaf459f8c0>, 'Connection to api0.prismacloud.io timed out. (connect timeout=3.1)'))

       _               _
   ___| |__   ___  ___| | _______   __
  / __| '_ \ / _ \/ __| |/ / _ \ \ / /
 | (__| | | |  __/ (__|   < (_) \ V /
  \___|_| |_|\___|\___|_|\_\___/ \_/

By Prisma Cloud | version: 3.2.495 


